<mxlibrary>[{"xml":"jVHLbsMgEPwa7g5IUc92Hqeemh/AZmuQoCDY1vjvuzY4VhRFygFpdobR7s4y0bl8jTLoT6/AMnFmooveY0Eud2At441RTJwY5w09xi8v1MOqNkFG+MF3DLwY/qT9hcIwfrRkbXsC4wIuPjqJCOquxE26QcZndmOoa79zS5uEs61taAwTEhXtpA3CV5DDokyUBHEaHUVxOhCUKcCw7PJtMs0g2qSl8lNV6/gQEfLLCFaq7n8F7wDjTF8mo1CXHx8lpUaDGTU+cjKVerw79zwJ1Ei3cj/dqj1c9h8=","w":80,"h":80,"aspect":"fixed","title":"My title 1"},{"xml":"dVLJbsMgEP0arpUXteq5TptLox76BWBGhhYbC4/j5es7GOwQqTlYessMHt7Ayqqdz4736mIlGFa+s7Jy1mJA7VyBMazItGTliRVFRh8rPh64+eZmPXfQ4T8NVvxAjVRhuPA/8wWXhfiJIxd8gNA/Oh28dV2DgtYa1H3SEZWn4O8DFJ7ezzbgYiC4g+K9h/VidCfBlax8m5RG+O557Y2JgiBNYeuHywkKO1Kl/BSHwOvfxnn1a0Q6BqI+6HWDz4Rbe+XC7I4D8lJu0d/24BQ7pBykTmltu45CS5Rw5Ss4hPlh7nmSxBlsC+h8bJOWqELFS1hNpkA3Kna9Ro0PgTdH522JBGK4O41r3ent+Wyld6/rDw==","w":60,"h":80,"aspect":"fixed","title":"My Shape 2"},{"xml":"pVTBUoMwEP0arg4lbUeP2movdnSmXxDIDkQDYZKlLf16kyZAaKk6emBm922ybN57SURW5XGjaF1sJQMRkeeIrJSU6KLyuAIhoiTmLCLrKEli80XJy43q7FyNa6qgwokNMv2ADM0KQVP7M7tg25p8TZGmVIPb3yjuaqfTySEopUBeBzs8cufq3QCJTcezaWwFuKouaG3DrBW8YqBIRJ4OBUfY1TSzhYMhwmAFlna4mQlT2ZiV7DXtAZp95sqibw2aNuBxzU/ncGHiUu5pKrqKAlMLc4n2tH1uaIcwB8bDNJNVZUgLEHfkPSiE403eZwETG5AloLK0dRucLHHrU+LzA2dYOGzpoQJ4Xvim9x6j2uV533jQ2ASe+y71qk9bhvjTUNF4lRwQyJY1ag+sY6dij0rJg5VRUK15NhZMOcFMFvdUActhRJSWjco8NPcOoyoHDFz0KzoDvhYTfHWYAkGR78dDTJHo//AueYWDWiQeyzWfX+jgzuN3hffzstFi3Ig8XDRyLFw1MozTNlhW2wX6m4EX0wPfnCuenmuwlJtgMFivwZTnrkw2vzLZjpe18VcS785vwqXlxi764Y34z30MDDRLJhy0/NONGx5wR1b4vn8B","w":350,"h":440,"aspect":"fixed","title":"Kruki"}]</mxlibrary>